GROUP,PACKAGE,CLASS,INSTRUCTION_MISSED,INSTRUCTION_COVERED,BRANCH_MISSED,BRANCH_COVERED,LINE_MISSED,LINE_COVERED,COMPLEXITY_MISSED,COMPLEXITY_COVERED,METHOD_MISSED,METHOD_COVERED
fabrikotor,org.napoloen.fabrikotor,UtilityService,29,174,18,30,2,14,19,10,1,4
fabrikotor,org.napoloen.fabrikotor,Alphanumeric,91,752,17,31,0,77,17,46,0,39
fabrikotor,org.napoloen.fabrikotor,Alphanumeric.step.sequence.new Function1() {...},4,24,2,4,0,3,2,2,0,1
fabrikotor,org.napoloen.fabrikotor,Alphanumeric.step.sequence.new Function1() {...},4,24,2,4,0,3,2,2,0,1
